<?xml version="1.0" encoding="UTF-8" ?>
<testsuite tests="5" failures="1" name="TestSuite" time="2.332" errors="0" skipped="4">
  <properties>
    <property name="idea.version" value="2016.1.2"/>
    <property name="java.runtime.name" value="Java(TM) SE Runtime Environment"/>
    <property name="sun.boot.library.path" value="/Library/Java/JavaVirtualMachines/jdk1.8.0_72.jdk/Contents/Home/jre/lib"/>
    <property name="java.vm.version" value="25.72-b15"/>
    <property name="gopherProxySet" value="false"/>
    <property name="java.vm.vendor" value="Oracle Corporation"/>
    <property name="java.vendor.url" value="http://java.oracle.com/"/>
    <property name="path.separator" value=":"/>
    <property name="guice.disable.misplaced.annotation.check" value="true"/>
    <property name="java.vm.name" value="Java HotSpot(TM) 64-Bit Server VM"/>
    <property name="file.encoding.pkg" value="sun.io"/>
    <property name="idea.launcher.port" value="7536"/>
    <property name="user.country" value="US"/>
    <property name="sun.java.launcher" value="SUN_STANDARD"/>
    <property name="sun.os.patch.level" value="unknown"/>
    <property name="java.vm.specification.name" value="Java Virtual Machine Specification"/>
    <property name="user.dir" value="/Users/aprybysh/IdeaProjects/Maps"/>
    <property name="java.runtime.version" value="1.8.0_72-b15"/>
    <property name="java.awt.graphicsenv" value="sun.awt.CGraphicsEnvironment"/>
    <property name="java.endorsed.dirs" value="/Library/Java/JavaVirtualMachines/jdk1.8.0_72.jdk/Contents/Home/jre/lib/endorsed"/>
    <property name="os.arch" value="x86_64"/>
    <property name="java.io.tmpdir" value="/var/folders/cz/843djdyn7r98k91kgd8myd180098v1/T/"/>
    <property name="line.separator" value="
"/>
    <property name="java.vm.specification.vendor" value="Oracle Corporation"/>
    <property name="os.name" value="Mac OS X"/>
    <property name="classworlds.conf" value="/Applications/IntelliJ IDEA CE.app/Contents/plugins/maven/lib/maven3/bin/m2.conf"/>
    <property name="sun.jnu.encoding" value="UTF-8"/>
    <property name="java.library.path" value="/Users/aprybysh/Library/Java/Extensions:/Library/Java/Extensions:/Network/Library/Java/Extensions:/System/Library/Java/Extensions:/usr/lib/java:."/>
    <property name="java.specification.name" value="Java Platform API Specification"/>
    <property name="java.class.version" value="52.0"/>
    <property name="sun.management.compiler" value="HotSpot 64-Bit Tiered Compilers"/>
    <property name="os.version" value="10.11.5"/>
    <property name="http.nonProxyHosts" value="local|*.local|169.254/16|*.169.254/16"/>
    <property name="user.home" value="/Users/aprybysh"/>
    <property name="user.timezone" value="America/Los_Angeles"/>
    <property name="java.awt.printerjob" value="sun.lwawt.macosx.CPrinterJob"/>
    <property name="java.specification.version" value="1.8"/>
    <property name="idea.launcher.bin.path" value="/Applications/IntelliJ IDEA CE.app/Contents/bin"/>
    <property name="file.encoding" value="UTF-8"/>
    <property name="user.name" value="aprybysh"/>
    <property name="java.class.path" value="/Applications/IntelliJ IDEA CE.app/Contents/plugins/maven/lib/maven3/boot/plexus-classworlds-2.4.jar:/Applications/IntelliJ IDEA CE.app/Contents/lib/idea_rt.jar"/>
    <property name="java.vm.specification.version" value="1.8"/>
    <property name="sun.arch.data.model" value="64"/>
    <property name="java.home" value="/Library/Java/JavaVirtualMachines/jdk1.8.0_72.jdk/Contents/Home/jre"/>
    <property name="sun.java.command" value="com.intellij.rt.execution.application.AppMain org.codehaus.classworlds.Launcher -Didea.version=2016.1.2 install"/>
    <property name="java.specification.vendor" value="Oracle Corporation"/>
    <property name="user.language" value="en"/>
    <property name="awt.toolkit" value="sun.lwawt.macosx.LWCToolkit"/>
    <property name="java.vm.info" value="mixed mode"/>
    <property name="java.version" value="1.8.0_72"/>
    <property name="java.ext.dirs" value="/Users/aprybysh/Library/Java/Extensions:/Library/Java/JavaVirtualMachines/jdk1.8.0_72.jdk/Contents/Home/jre/lib/ext:/Library/Java/Extensions:/Network/Library/Java/Extensions:/System/Library/Java/Extensions:/usr/lib/java"/>
    <property name="sun.boot.class.path" value="/Library/Java/JavaVirtualMachines/jdk1.8.0_72.jdk/Contents/Home/jre/lib/resources.jar:/Library/Java/JavaVirtualMachines/jdk1.8.0_72.jdk/Contents/Home/jre/lib/rt.jar:/Library/Java/JavaVirtualMachines/jdk1.8.0_72.jdk/Contents/Home/jre/lib/sunrsasign.jar:/Library/Java/JavaVirtualMachines/jdk1.8.0_72.jdk/Contents/Home/jre/lib/jsse.jar:/Library/Java/JavaVirtualMachines/jdk1.8.0_72.jdk/Contents/Home/jre/lib/jce.jar:/Library/Java/JavaVirtualMachines/jdk1.8.0_72.jdk/Contents/Home/jre/lib/charsets.jar:/Library/Java/JavaVirtualMachines/jdk1.8.0_72.jdk/Contents/Home/jre/lib/jfr.jar:/Library/Java/JavaVirtualMachines/jdk1.8.0_72.jdk/Contents/Home/jre/classes"/>
    <property name="java.vendor" value="Oracle Corporation"/>
    <property name="maven.home" value="/Applications/IntelliJ IDEA CE.app/Contents/plugins/maven/lib/maven3"/>
    <property name="file.separator" value="/"/>
    <property name="java.vendor.url.bug" value="http://bugreport.sun.com/bugreport/"/>
    <property name="sun.cpu.endian" value="little"/>
    <property name="sun.io.unicode.encoding" value="UnicodeBig"/>
    <property name="socksNonProxyHosts" value="local|*.local|169.254/16|*.169.254/16"/>
    <property name="ftp.nonProxyHosts" value="local|*.local|169.254/16|*.169.254/16"/>
    <property name="sun.cpu.isalist" value=""/>
  </properties>
  <testcase classname="Test" name="setUp" time="0">
    <failure message="A new session could not be created. (Original error: Could not find a device to launch. You requested &apos;iPhone 5 (8.3)&apos;, but the available devices were: [&quot;iPad 2 (8.4) [37B41E49-3CDF-4A66-ADB0-1E4B83AE1E9A] (Simulator)&quot;,&quot;iPad 2 (9.3) [66DAAED4-E405-46EB-9421-ED5D9B885808] (Simulator)&quot;,&quot;iPad Air (8.4) [4C127701-ECA5-4BFB-8BB3-1A96DFD285F8] (Simulator)&quot;,&quot;iPad Air (9.3) [31A004C3-B14B-49DA-BB25-8458950457CB] (Simulator)&quot;,&quot;iPad Air 2 (9.3) [139FD7FB-F40B-43D5-80BB-6EC4E9C45436] (Simulator)&quot;,&quot;iPad Pro (9.3) [CF1FD110-678D-4B19-A941-4167CE312FEA] (Simulator)&quot;,&quot;iPad Retina (8.4) [EC17F615-A29A-4076-BA9B-46DE659F486F] (Simulator)&quot;,&quot;iPad Retina (9.3) [20B1C087-4AF0-440B-BA62-9C3F0C943103] (Simulator)&quot;,&quot;iPhone 4s (8.4) [D4D1E5B6-609E-41A0-B490-56357ED78F91] (Simulator)&quot;,&quot;iPhone 4s (9.3) [F127ECDC-CECD-4F93-9C3F-3FBA01C15157] (Simulator)&quot;,&quot;iPhone 5 (8.4) [D7155DC2-FAB3-4283-BA39-7B16DB56B113] (Simulator)&quot;,&quot;iPhone 5 (9.3) [BE1967F5-050D-4102-92F0-CB396B29B151] (Simulator)&quot;,&quot;iPhone 5s (8.4) [A7A023FD-8753-418A-AD92-D97DD9497B31] (Simulator)&quot;,&quot;iPhone 5s (9.3) [3933D547-B198-4877-8BED-A72A93E4AC19] (Simulator)&quot;,&quot;iPhone 6 (8.4) [2A452FE8-5129-4764-90C2-722E51FE6D1A] (Simulator)&quot;,&quot;iPhone 6 (9.3) [C81B5F52-7EC8-48B0-8BDF-9E33D6474776] (Simulator)&quot;,&quot;iPhone 6 Plus (8.4) [081AB2FC-3FE9-4B3C-889B-C94D7E4BF0AF] (Simulator)&quot;,&quot;iPhone 6 Plus (9.3) [F73D4421-E75C-4767-81C7-A6ADB9B0B8AA] (Simulator)&quot;,&quot;iPhone 6s (9.3) [CA7439DF-9926-4EC2-BA20-15A77D9F6CAD] (Simulator)&quot;,&quot;iPhone 6s (9.3) + Apple Watch - 38mm (2.2) [FF527208-4D4C-4F1D-92FF-023A6521A3D8] (Simulator)&quot;,&quot;iPhone 6s Plus (9.3) [93F41592-DA8B-4F58-89E9-A8E5707F8F70] (Simulator)&quot;,&quot;iPhone 6s Plus (9.3) + Apple Watch - 42mm (2.2) [9B93A783-1759-4373-B645-B0DB0532F3C6] (Simulator)&quot;]) (WARNING: The server did not provide any stacktrace information)
Command duration or timeout: 1.66 seconds
Build info: version: &apos;2.46.0&apos;, revision: &apos;61506a4624b13675f24581e453592342b7485d71&apos;, time: &apos;2015-06-04 10:22:50&apos;
System info: host: &apos;aprybysh-macbookpro2.roam.corp.google.com&apos;, ip: &apos;100.99.206.15&apos;, os.name: &apos;Mac OS X&apos;, os.arch: &apos;x86_64&apos;, os.version: &apos;10.11.5&apos;, java.version: &apos;1.8.0_72&apos;
Driver info: io.appium.java_client.ios.IOSDriver" type="org.openqa.selenium.SessionNotCreatedException">org.openqa.selenium.SessionNotCreatedException: A new session could not be created. (Original error: Could not find a device to launch. You requested &apos;iPhone 5 (8.3)&apos;, but the available devices were: [&quot;iPad 2 (8.4) [37B41E49-3CDF-4A66-ADB0-1E4B83AE1E9A] (Simulator)&quot;,&quot;iPad 2 (9.3) [66DAAED4-E405-46EB-9421-ED5D9B885808] (Simulator)&quot;,&quot;iPad Air (8.4) [4C127701-ECA5-4BFB-8BB3-1A96DFD285F8] (Simulator)&quot;,&quot;iPad Air (9.3) [31A004C3-B14B-49DA-BB25-8458950457CB] (Simulator)&quot;,&quot;iPad Air 2 (9.3) [139FD7FB-F40B-43D5-80BB-6EC4E9C45436] (Simulator)&quot;,&quot;iPad Pro (9.3) [CF1FD110-678D-4B19-A941-4167CE312FEA] (Simulator)&quot;,&quot;iPad Retina (8.4) [EC17F615-A29A-4076-BA9B-46DE659F486F] (Simulator)&quot;,&quot;iPad Retina (9.3) [20B1C087-4AF0-440B-BA62-9C3F0C943103] (Simulator)&quot;,&quot;iPhone 4s (8.4) [D4D1E5B6-609E-41A0-B490-56357ED78F91] (Simulator)&quot;,&quot;iPhone 4s (9.3) [F127ECDC-CECD-4F93-9C3F-3FBA01C15157] (Simulator)&quot;,&quot;iPhone 5 (8.4) [D7155DC2-FAB3-4283-BA39-7B16DB56B113] (Simulator)&quot;,&quot;iPhone 5 (9.3) [BE1967F5-050D-4102-92F0-CB396B29B151] (Simulator)&quot;,&quot;iPhone 5s (8.4) [A7A023FD-8753-418A-AD92-D97DD9497B31] (Simulator)&quot;,&quot;iPhone 5s (9.3) [3933D547-B198-4877-8BED-A72A93E4AC19] (Simulator)&quot;,&quot;iPhone 6 (8.4) [2A452FE8-5129-4764-90C2-722E51FE6D1A] (Simulator)&quot;,&quot;iPhone 6 (9.3) [C81B5F52-7EC8-48B0-8BDF-9E33D6474776] (Simulator)&quot;,&quot;iPhone 6 Plus (8.4) [081AB2FC-3FE9-4B3C-889B-C94D7E4BF0AF] (Simulator)&quot;,&quot;iPhone 6 Plus (9.3) [F73D4421-E75C-4767-81C7-A6ADB9B0B8AA] (Simulator)&quot;,&quot;iPhone 6s (9.3) [CA7439DF-9926-4EC2-BA20-15A77D9F6CAD] (Simulator)&quot;,&quot;iPhone 6s (9.3) + Apple Watch - 38mm (2.2) [FF527208-4D4C-4F1D-92FF-023A6521A3D8] (Simulator)&quot;,&quot;iPhone 6s Plus (9.3) [93F41592-DA8B-4F58-89E9-A8E5707F8F70] (Simulator)&quot;,&quot;iPhone 6s Plus (9.3) + Apple Watch - 42mm (2.2) [9B93A783-1759-4373-B645-B0DB0532F3C6] (Simulator)&quot;]) (WARNING: The server did not provide any stacktrace information)
Command duration or timeout: 1.66 seconds
Build info: version: &apos;2.46.0&apos;, revision: &apos;61506a4624b13675f24581e453592342b7485d71&apos;, time: &apos;2015-06-04 10:22:50&apos;
System info: host: &apos;aprybysh-macbookpro2.roam.corp.google.com&apos;, ip: &apos;100.99.206.15&apos;, os.name: &apos;Mac OS X&apos;, os.arch: &apos;x86_64&apos;, os.version: &apos;10.11.5&apos;, java.version: &apos;1.8.0_72&apos;
Driver info: io.appium.java_client.ios.IOSDriver
	at sun.reflect.NativeConstructorAccessorImpl.newInstance0(Native Method)
	at sun.reflect.NativeConstructorAccessorImpl.newInstance(NativeConstructorAccessorImpl.java:62)
	at sun.reflect.DelegatingConstructorAccessorImpl.newInstance(DelegatingConstructorAccessorImpl.java:45)
	at java.lang.reflect.Constructor.newInstance(Constructor.java:423)
	at org.openqa.selenium.remote.ErrorHandler.createThrowable(ErrorHandler.java:204)
	at org.openqa.selenium.remote.ErrorHandler.throwIfResponseFailed(ErrorHandler.java:156)
	at org.openqa.selenium.remote.RemoteWebDriver.execute(RemoteWebDriver.java:605)
	at io.appium.java_client.DefaultGenericMobileDriver.execute(DefaultGenericMobileDriver.java:27)
	at io.appium.java_client.AppiumDriver.execute(AppiumDriver.java:1)
	at io.appium.java_client.ios.IOSDriver.execute(IOSDriver.java:1)
	at org.openqa.selenium.remote.RemoteWebDriver.startSession(RemoteWebDriver.java:242)
	at org.openqa.selenium.remote.RemoteWebDriver.&lt;init&gt;(RemoteWebDriver.java:128)
	at org.openqa.selenium.remote.RemoteWebDriver.&lt;init&gt;(RemoteWebDriver.java:155)
	at io.appium.java_client.DefaultGenericMobileDriver.&lt;init&gt;(DefaultGenericMobileDriver.java:22)
	at io.appium.java_client.AppiumDriver.&lt;init&gt;(AppiumDriver.java:202)
	at io.appium.java_client.ios.IOSDriver.&lt;init&gt;(IOSDriver.java:37)
	at Test.setUp(Test.java:50)
</failure>
  </testcase>
  <testcase classname="Test" name="getDriver" time="0.067">
    <skipped/>
  </testcase>
  <testcase classname="Test" name="runTest" time="0">
    <skipped/>
  </testcase>
  <testcase classname="andr.tests.TestBasePage" name="findElements" time="0">
    <skipped/>
  </testcase>
  <testcase classname="andr.tests.TestBasePage" name="findElements1" time="0">
    <skipped/>
  </testcase>
</testsuite>