<?xml version="1.0" encoding="UTF-8"?>
<!-- Generated by org.testng.reporters.JUnitReportReporter -->
<testsuite hostname="aprybysh-macbookpro2.roam.corp.google.com" name="Test" tests="1" failures="1" timestamp="24 Jun 2016 22:54:29 GMT" time="0.000" errors="0">
  <testcase name="runTest" time="0.000" classname="Test">
    <failure type="org.openqa.selenium.SessionNotCreatedException" message="A new session could not be created. (Original error: Could not find a device to launch. You requested &#039;iPhone 5 (8.3)&#039;, but the available devices were: [&quot;iPad 2 (8.4) [37B41E49-3CDF-4A66-ADB0-1E4B83AE1E9A] (Simulator)&quot;,&quot;iPad 2 (9.3) [66DAAED4-E405-46EB-9421-ED5D9B885808] (Simulator)&quot;,&quot;iPad Air (8.4) [4C127701-ECA5-4BFB-8BB3-1A96DFD285F8] (Simulator)&quot;,&quot;iPad Air (9.3) [31A004C3-B14B-49DA-BB25-8458950457CB] (Simulator)&quot;,&quot;iPad Air 2 (9.3) [139FD7FB-F40B-43D5-80BB-6EC4E9C45436] (Simulator)&quot;,&quot;iPad Pro (9.3) [CF1FD110-678D-4B19-A941-4167CE312FEA] (Simulator)&quot;,&quot;iPad Retina (8.4) [EC17F615-A29A-4076-BA9B-46DE659F486F] (Simulator)&quot;,&quot;iPad Retina (9.3) [20B1C087-4AF0-440B-BA62-9C3F0C943103] (Simulator)&quot;,&quot;iPhone 4s (8.4) [D4D1E5B6-609E-41A0-B490-56357ED78F91] (Simulator)&quot;,&quot;iPhone 4s (9.3) [F127ECDC-CECD-4F93-9C3F-3FBA01C15157] (Simulator)&quot;,&quot;iPhone 5 (8.4) [D7155DC2-FAB3-4283-BA39-7B16DB56B113] (Simulator)&quot;,&quot;iPhone 5 (9.3) [BE1967F5-050D-4102-92F0-CB396B29B151] (Simulator)&quot;,&quot;iPhone 5s (8.4) [A7A023FD-8753-418A-AD92-D97DD9497B31] (Simulator)&quot;,&quot;iPhone 5s (9.3) [3933D547-B198-4877-8BED-A72A93E4AC19] (Simulator)&quot;,&quot;iPhone 6 (8.4) [2A452FE8-5129-4764-90C2-722E51FE6D1A] (Simulator)&quot;,&quot;iPhone 6 (9.3) [C81B5F52-7EC8-48B0-8BDF-9E33D6474776] (Simulator)&quot;,&quot;iPhone 6 Plus (8.4) [081AB2FC-3FE9-4B3C-889B-C94D7E4BF0AF] (Simulator)&quot;,&quot;iPhone 6 Plus (9.3) [F73D4421-E75C-4767-81C7-A6ADB9B0B8AA] (Simulator)&quot;,&quot;iPhone 6s (9.3) [CA7439DF-9926-4EC2-BA20-15A77D9F6CAD] (Simulator)&quot;,&quot;iPhone 6s (9.3) + Apple Watch - 38mm (2.2) [FF527208-4D4C-4F1D-92FF-023A6521A3D8] (Simulator)&quot;,&quot;iPhone 6s Plus (9.3) [93F41592-DA8B-4F58-89E9-A8E5707F8F70] (Simulator)&quot;,&quot;iPhone 6s Plus (9.3) + Apple Watch - 42mm (2.2) [9B93A783-1759-4373-B645-B0DB0532F3C6] (Simulator)&quot;]) (WARNING: The server did not provide any stacktrace information)
Command duration or timeout: 1.66 seconds
Build info: version: &#039;2.46.0&#039;, revision: &#039;61506a4624b13675f24581e453592342b7485d71&#039;, time: &#039;2015-06-04 10:22:50&#039;
System info: host: &#039;aprybysh-macbookpro2.roam.corp.google.com&#039;, ip: &#039;100.99.206.15&#039;, os.name: &#039;Mac OS X&#039;, os.arch: &#039;x86_64&#039;, os.version: &#039;10.11.5&#039;, java.version: &#039;1.8.0_72&#039;
Driver info: io.appium.java_client.ios.IOSDriver">
      <![CDATA[org.openqa.selenium.SessionNotCreatedException: A new session could not be created. (Original error: Could not find a device to launch. You requested 'iPhone 5 (8.3)', but the available devices were: ["iPad 2 (8.4) [37B41E49-3CDF-4A66-ADB0-1E4B83AE1E9A] (Simulator)","iPad 2 (9.3) [66DAAED4-E405-46EB-9421-ED5D9B885808] (Simulator)","iPad Air (8.4) [4C127701-ECA5-4BFB-8BB3-1A96DFD285F8] (Simulator)","iPad Air (9.3) [31A004C3-B14B-49DA-BB25-8458950457CB] (Simulator)","iPad Air 2 (9.3) [139FD7FB-F40B-43D5-80BB-6EC4E9C45436] (Simulator)","iPad Pro (9.3) [CF1FD110-678D-4B19-A941-4167CE312FEA] (Simulator)","iPad Retina (8.4) [EC17F615-A29A-4076-BA9B-46DE659F486F] (Simulator)","iPad Retina (9.3) [20B1C087-4AF0-440B-BA62-9C3F0C943103] (Simulator)","iPhone 4s (8.4) [D4D1E5B6-609E-41A0-B490-56357ED78F91] (Simulator)","iPhone 4s (9.3) [F127ECDC-CECD-4F93-9C3F-3FBA01C15157] (Simulator)","iPhone 5 (8.4) [D7155DC2-FAB3-4283-BA39-7B16DB56B113] (Simulator)","iPhone 5 (9.3) [BE1967F5-050D-4102-92F0-CB396B29B151] (Simulator)","iPhone 5s (8.4) [A7A023FD-8753-418A-AD92-D97DD9497B31] (Simulator)","iPhone 5s (9.3) [3933D547-B198-4877-8BED-A72A93E4AC19] (Simulator)","iPhone 6 (8.4) [2A452FE8-5129-4764-90C2-722E51FE6D1A] (Simulator)","iPhone 6 (9.3) [C81B5F52-7EC8-48B0-8BDF-9E33D6474776] (Simulator)","iPhone 6 Plus (8.4) [081AB2FC-3FE9-4B3C-889B-C94D7E4BF0AF] (Simulator)","iPhone 6 Plus (9.3) [F73D4421-E75C-4767-81C7-A6ADB9B0B8AA] (Simulator)","iPhone 6s (9.3) [CA7439DF-9926-4EC2-BA20-15A77D9F6CAD] (Simulator)","iPhone 6s (9.3) + Apple Watch - 38mm (2.2) [FF527208-4D4C-4F1D-92FF-023A6521A3D8] (Simulator)","iPhone 6s Plus (9.3) [93F41592-DA8B-4F58-89E9-A8E5707F8F70] (Simulator)","iPhone 6s Plus (9.3) + Apple Watch - 42mm (2.2) [9B93A783-1759-4373-B645-B0DB0532F3C6] (Simulator)"]) (WARNING: The server did not provide any stacktrace information)
Command duration or timeout: 1.66 seconds
Build info: version: '2.46.0', revision: '61506a4624b13675f24581e453592342b7485d71', time: '2015-06-04 10:22:50'
System info: host: 'aprybysh-macbookpro2.roam.corp.google.com', ip: '100.99.206.15', os.name: 'Mac OS X', os.arch: 'x86_64', os.version: '10.11.5', java.version: '1.8.0_72'
Driver info: io.appium.java_client.ios.IOSDriver
	at sun.reflect.NativeConstructorAccessorImpl.newInstance0(Native Method)
	at sun.reflect.NativeConstructorAccessorImpl.newInstance(NativeConstructorAccessorImpl.java:62)
	at sun.reflect.DelegatingConstructorAccessorImpl.newInstance(DelegatingConstructorAccessorImpl.java:45)
	at java.lang.reflect.Constructor.newInstance(Constructor.java:423)
	at org.openqa.selenium.remote.ErrorHandler.createThrowable(ErrorHandler.java:204)
	at org.openqa.selenium.remote.ErrorHandler.throwIfResponseFailed(ErrorHandler.java:156)
	at org.openqa.selenium.remote.RemoteWebDriver.execute(RemoteWebDriver.java:605)
	at io.appium.java_client.DefaultGenericMobileDriver.execute(DefaultGenericMobileDriver.java:27)
	at io.appium.java_client.AppiumDriver.execute(AppiumDriver.java:1)
	at io.appium.java_client.ios.IOSDriver.execute(IOSDriver.java:1)
	at org.openqa.selenium.remote.RemoteWebDriver.startSession(RemoteWebDriver.java:242)
	at org.openqa.selenium.remote.RemoteWebDriver.<init>(RemoteWebDriver.java:128)
	at org.openqa.selenium.remote.RemoteWebDriver.<init>(RemoteWebDriver.java:155)
	at io.appium.java_client.DefaultGenericMobileDriver.<init>(DefaultGenericMobileDriver.java:22)
	at io.appium.java_client.AppiumDriver.<init>(AppiumDriver.java:202)
	at io.appium.java_client.ios.IOSDriver.<init>(IOSDriver.java:37)
	at Test.setUp(Test.java:50)
	at sun.reflect.NativeMethodAccessorImpl.invoke0(Native Method)
	at sun.reflect.NativeMethodAccessorImpl.invoke(NativeMethodAccessorImpl.java:62)
	at sun.reflect.DelegatingMethodAccessorImpl.invoke(DelegatingMethodAccessorImpl.java:43)
	at java.lang.reflect.Method.invoke(Method.java:498)
	at org.testng.internal.MethodInvocationHelper.invokeMethod(MethodInvocationHelper.java:85)
	at org.testng.internal.Invoker.invokeConfigurationMethod(Invoker.java:552)
	at org.testng.internal.Invoker.invokeConfigurations(Invoker.java:215)
	at org.testng.internal.Invoker.invokeConfigurations(Invoker.java:140)
	at org.testng.TestRunner.beforeRun(TestRunner.java:641)
	at org.testng.TestRunner.run(TestRunner.java:609)
	at org.testng.SuiteRunner.runTest(SuiteRunner.java:348)
	at org.testng.SuiteRunner.runSequentially(SuiteRunner.java:343)
	at org.testng.SuiteRunner.privateRun(SuiteRunner.java:305)
	at org.testng.SuiteRunner.run(SuiteRunner.java:254)
	at org.testng.SuiteRunnerWorker.runSuite(SuiteRunnerWorker.java:52)
	at org.testng.SuiteRunnerWorker.run(SuiteRunnerWorker.java:86)
	at org.testng.TestNG.runSuitesSequentially(TestNG.java:1224)
	at org.testng.TestNG.runSuitesLocally(TestNG.java:1149)
	at org.testng.TestNG.run(TestNG.java:1057)
	at org.apache.maven.surefire.testng.TestNGExecutor.run(TestNGExecutor.java:70)
	at org.apache.maven.surefire.testng.TestNGDirectoryTestSuite.executeMulti(TestNGDirectoryTestSuite.java:158)
	at org.apache.maven.surefire.testng.TestNGDirectoryTestSuite.execute(TestNGDirectoryTestSuite.java:98)
	at org.apache.maven.surefire.testng.TestNGProvider.invoke(TestNGProvider.java:111)
	at sun.reflect.NativeMethodAccessorImpl.invoke0(Native Method)
	at sun.reflect.NativeMethodAccessorImpl.invoke(NativeMethodAccessorImpl.java:62)
	at sun.reflect.DelegatingMethodAccessorImpl.invoke(DelegatingMethodAccessorImpl.java:43)
	at java.lang.reflect.Method.invoke(Method.java:498)
	at org.apache.maven.surefire.util.ReflectionUtils.invokeMethodWithArray(ReflectionUtils.java:164)
	at org.apache.maven.surefire.booter.ProviderFactory$ProviderProxy.invoke(ProviderFactory.java:110)
	at org.apache.maven.surefire.booter.SurefireStarter.invokeProvider(SurefireStarter.java:175)
	at org.apache.maven.surefire.booter.SurefireStarter.runSuitesInProcessWhenForked(SurefireStarter.java:107)
	at org.apache.maven.surefire.booter.ForkedBooter.main(ForkedBooter.java:68)
]]>
    </failure>
  </testcase> <!-- runTest -->
</testsuite> <!-- Test -->
